2022-08-09 00:57:52 [main] INFO  com.example.todo.TodoApplication - Starting TodoApplication v1.0.1 using Java 11.0.16 on 5c39ad8dcf7c with PID 1 (/todo-1.0.1.jar started by root in /)
2022-08-09 00:57:52 [main] INFO  com.example.todo.TodoApplication - No active profile set, falling back to 1 default profile: "default"
2022-08-09 00:57:53 [main] INFO  o.s.d.r.c.RepositoryConfigurationDelegate - Bootstrapping Spring Data JPA repositories in DEFAULT mode.
2022-08-09 00:57:53 [main] INFO  o.s.d.r.c.RepositoryConfigurationDelegate - Finished Spring Data repository scanning in 50 ms. Found 1 JPA repository interfaces.
2022-08-09 00:57:54 [main] INFO  o.s.b.w.e.tomcat.TomcatWebServer - Tomcat initialized with port(s): 8080 (http)
2022-08-09 00:57:54 [main] INFO  o.a.catalina.core.StandardService - Starting service [Tomcat]
2022-08-09 00:57:54 [main] INFO  o.a.catalina.core.StandardEngine - Starting Servlet engine: [Apache Tomcat/9.0.65]
2022-08-09 00:57:54 [main] INFO  o.a.c.c.C.[Tomcat].[localhost].[/] - Initializing Spring embedded WebApplicationContext
2022-08-09 00:57:54 [main] INFO  o.s.b.w.s.c.ServletWebServerApplicationContext - Root WebApplicationContext: initialization completed in 2044 ms
2022-08-09 00:57:54 [main] INFO  com.zaxxer.hikari.HikariDataSource - HikariPool-1 - Starting...
2022-08-09 00:57:54 [main] INFO  com.zaxxer.hikari.HikariDataSource - HikariPool-1 - Start completed.
2022-08-09 00:57:54 [main] INFO  o.s.b.a.h.H2ConsoleAutoConfiguration - H2 console available at '/h2-console'. Database available at 'jdbc:h2:mem:testdb'
2022-08-09 00:57:55 [main] INFO  o.h.jpa.internal.util.LogHelper - HHH000204: Processing PersistenceUnitInfo [name: default]
2022-08-09 00:57:55 [main] INFO  org.hibernate.Version - HHH000412: Hibernate ORM core version 5.6.10.Final
2022-08-09 00:57:55 [main] INFO  o.h.annotations.common.Version - HCANN000001: Hibernate Commons Annotations {5.1.2.Final}
2022-08-09 00:57:55 [main] INFO  org.hibernate.dialect.Dialect - HHH000400: Using dialect: org.hibernate.dialect.H2Dialect
2022-08-09 00:57:56 [main] INFO  o.h.e.t.j.p.i.JtaPlatformInitiator - HHH000490: Using JtaPlatform implementation: [org.hibernate.engine.transaction.jta.platform.internal.NoJtaPlatform]
2022-08-09 00:57:56 [main] INFO  o.s.o.j.LocalContainerEntityManagerFactoryBean - Initialized JPA EntityManagerFactory for persistence unit 'default'
2022-08-09 00:57:56 [main] WARN  o.s.b.a.o.j.JpaBaseConfiguration$JpaWebConfiguration - spring.jpa.open-in-view is enabled by default. Therefore, database queries may be performed during view rendering. Explicitly configure spring.jpa.open-in-view to disable this warning
2022-08-09 00:57:58 [main] INFO  o.s.b.w.e.tomcat.TomcatWebServer - Tomcat started on port(s): 8080 (http) with context path ''
2022-08-09 00:57:58 [main] INFO  com.example.todo.TodoApplication - Started TodoApplication in 6.719 seconds (JVM running for 7.284)
2022-08-09 00:58:26 [http-nio-8080-exec-1] INFO  o.a.c.c.C.[Tomcat].[localhost].[/] - Initializing Spring DispatcherServlet 'dispatcherServlet'
2022-08-09 00:58:26 [http-nio-8080-exec-1] INFO  o.s.web.servlet.DispatcherServlet - Initializing Servlet 'dispatcherServlet'
2022-08-09 00:58:26 [http-nio-8080-exec-1] INFO  o.s.web.servlet.DispatcherServlet - Completed initialization in 2 ms
2022-08-09 00:58:26 [http-nio-8080-exec-1] INFO  com.example.todo.api.TodoController - REQUEST: Iniciando petición para obtener el listado de TODO's
2022-08-09 00:58:26 [http-nio-8080-exec-1] INFO  com.example.todo.bl.TodoBl - BUSINESS-LOGIC: Iniciando consulta para obtener el listado de todo's
2022-08-09 00:58:26 [http-nio-8080-exec-1] INFO  com.example.todo.bl.TodoBl - BUSINESS-LOGIC: La consulta para obtener el listado de todo's retorno: []
2022-08-09 01:01:23 [main] INFO  com.example.todo.TodoApplication - Starting TodoApplication v1.0.1 using Java 11.0.16 on 049523ff1350 with PID 1 (/todo-1.0.1.jar started by root in /)
2022-08-09 01:01:23 [main] INFO  com.example.todo.TodoApplication - No active profile set, falling back to 1 default profile: "default"
2022-08-09 01:01:24 [main] INFO  o.s.d.r.c.RepositoryConfigurationDelegate - Bootstrapping Spring Data JPA repositories in DEFAULT mode.
2022-08-09 01:01:24 [main] INFO  o.s.d.r.c.RepositoryConfigurationDelegate - Finished Spring Data repository scanning in 44 ms. Found 1 JPA repository interfaces.
2022-08-09 01:01:25 [main] INFO  o.s.b.w.e.tomcat.TomcatWebServer - Tomcat initialized with port(s): 8080 (http)
2022-08-09 01:01:25 [main] INFO  o.a.catalina.core.StandardService - Starting service [Tomcat]
2022-08-09 01:01:25 [main] INFO  o.a.catalina.core.StandardEngine - Starting Servlet engine: [Apache Tomcat/9.0.65]
2022-08-09 01:01:25 [main] INFO  o.a.c.c.C.[Tomcat].[localhost].[/] - Initializing Spring embedded WebApplicationContext
2022-08-09 01:01:25 [main] INFO  o.s.b.w.s.c.ServletWebServerApplicationContext - Root WebApplicationContext: initialization completed in 1970 ms
2022-08-09 01:01:25 [main] INFO  com.zaxxer.hikari.HikariDataSource - HikariPool-1 - Starting...
2022-08-09 01:01:26 [main] INFO  com.zaxxer.hikari.HikariDataSource - HikariPool-1 - Start completed.
2022-08-09 01:01:26 [main] INFO  o.s.b.a.h.H2ConsoleAutoConfiguration - H2 console available at '/h2-console'. Database available at 'jdbc:h2:mem:testdb'
2022-08-09 01:01:26 [main] INFO  o.h.jpa.internal.util.LogHelper - HHH000204: Processing PersistenceUnitInfo [name: default]
2022-08-09 01:01:26 [main] INFO  org.hibernate.Version - HHH000412: Hibernate ORM core version 5.6.10.Final
2022-08-09 01:01:26 [main] INFO  o.h.annotations.common.Version - HCANN000001: Hibernate Commons Annotations {5.1.2.Final}
2022-08-09 01:01:26 [main] INFO  org.hibernate.dialect.Dialect - HHH000400: Using dialect: org.hibernate.dialect.H2Dialect
2022-08-09 01:01:27 [main] INFO  o.h.e.t.j.p.i.JtaPlatformInitiator - HHH000490: Using JtaPlatform implementation: [org.hibernate.engine.transaction.jta.platform.internal.NoJtaPlatform]
2022-08-09 01:01:27 [main] INFO  o.s.o.j.LocalContainerEntityManagerFactoryBean - Initialized JPA EntityManagerFactory for persistence unit 'default'
2022-08-09 01:01:27 [main] WARN  o.s.b.a.o.j.JpaBaseConfiguration$JpaWebConfiguration - spring.jpa.open-in-view is enabled by default. Therefore, database queries may be performed during view rendering. Explicitly configure spring.jpa.open-in-view to disable this warning
2022-08-09 01:01:29 [main] INFO  o.s.b.w.e.tomcat.TomcatWebServer - Tomcat started on port(s): 8080 (http) with context path ''
2022-08-09 01:01:29 [main] INFO  com.example.todo.TodoApplication - Started TodoApplication in 6.484 seconds (JVM running for 7.065)
2022-08-09 01:01:47 [main] INFO  com.example.todo.TodoApplication - Starting TodoApplication v1.0.1 using Java 11.0.16 on 621372f5f21a with PID 1 (/todo-1.0.1.jar started by root in /)
2022-08-09 01:01:47 [main] INFO  com.example.todo.TodoApplication - No active profile set, falling back to 1 default profile: "default"
2022-08-09 01:01:47 [main] INFO  o.s.d.r.c.RepositoryConfigurationDelegate - Bootstrapping Spring Data JPA repositories in DEFAULT mode.
2022-08-09 01:01:48 [main] INFO  o.s.d.r.c.RepositoryConfigurationDelegate - Finished Spring Data repository scanning in 48 ms. Found 1 JPA repository interfaces.
2022-08-09 01:01:48 [main] INFO  o.s.b.w.e.tomcat.TomcatWebServer - Tomcat initialized with port(s): 8080 (http)
2022-08-09 01:01:49 [main] INFO  o.a.catalina.core.StandardService - Starting service [Tomcat]
2022-08-09 01:01:49 [main] INFO  o.a.catalina.core.StandardEngine - Starting Servlet engine: [Apache Tomcat/9.0.65]
2022-08-09 01:01:49 [main] INFO  o.a.c.c.C.[Tomcat].[localhost].[/] - Initializing Spring embedded WebApplicationContext
2022-08-09 01:01:49 [main] INFO  o.s.b.w.s.c.ServletWebServerApplicationContext - Root WebApplicationContext: initialization completed in 1998 ms
2022-08-09 01:01:49 [main] INFO  com.zaxxer.hikari.HikariDataSource - HikariPool-1 - Starting...
2022-08-09 01:01:49 [main] INFO  com.zaxxer.hikari.HikariDataSource - HikariPool-1 - Start completed.
2022-08-09 01:01:49 [main] INFO  o.s.b.a.h.H2ConsoleAutoConfiguration - H2 console available at '/h2-console'. Database available at 'jdbc:h2:mem:testdb'
2022-08-09 01:01:49 [main] INFO  o.h.jpa.internal.util.LogHelper - HHH000204: Processing PersistenceUnitInfo [name: default]
2022-08-09 01:01:49 [main] INFO  org.hibernate.Version - HHH000412: Hibernate ORM core version 5.6.10.Final
2022-08-09 01:01:50 [main] INFO  o.h.annotations.common.Version - HCANN000001: Hibernate Commons Annotations {5.1.2.Final}
2022-08-09 01:01:50 [main] INFO  org.hibernate.dialect.Dialect - HHH000400: Using dialect: org.hibernate.dialect.H2Dialect
2022-08-09 01:01:50 [main] INFO  o.h.e.t.j.p.i.JtaPlatformInitiator - HHH000490: Using JtaPlatform implementation: [org.hibernate.engine.transaction.jta.platform.internal.NoJtaPlatform]
2022-08-09 01:01:50 [main] INFO  o.s.o.j.LocalContainerEntityManagerFactoryBean - Initialized JPA EntityManagerFactory for persistence unit 'default'
2022-08-09 01:01:51 [main] WARN  o.s.b.a.o.j.JpaBaseConfiguration$JpaWebConfiguration - spring.jpa.open-in-view is enabled by default. Therefore, database queries may be performed during view rendering. Explicitly configure spring.jpa.open-in-view to disable this warning
2022-08-09 01:01:52 [main] INFO  o.s.b.w.e.tomcat.TomcatWebServer - Tomcat started on port(s): 8080 (http) with context path ''
2022-08-09 01:01:52 [main] INFO  com.example.todo.TodoApplication - Started TodoApplication in 6.665 seconds (JVM running for 7.283)
